[2026-03-03T22:13:10.046Z] [INFO]   ➜  Local:   http://localhost:5173/
[2026-03-03T22:13:10.047Z] [INFO]   ➜  Network: use --host to expose
[2026-03-03T22:13:10.047Z] [INFO]   ➜  press h + enter to show help
[2026-03-03T22:15:00.475Z] [INFO] page reload app/routes/_auth.projects.tsx
[2026-03-03T22:16:49.022Z] [INFO] page reload app/routes/_auth.projects.tsx
[2026-03-03T22:22:27.165Z] [INFO] hmr update /app/routes/_auth.tsx
[2026-03-03T22:22:27.166Z] [INFO] hmr update /app/routes/_auth.tsx
[2026-03-03T22:22:27.166Z] [INFO] hmr update /app/app.css, /app/routes/_auth.tsx
[2026-03-03T22:22:27.166Z] [INFO] page reload app/routes/_auth.tsx
[2026-03-03T22:24:30.950Z] [INFO] hmr update /app/routes/_auth.tsx
[2026-03-03T22:24:30.950Z] [INFO] hmr update /app/routes/_auth.tsx
[2026-03-03T22:24:30.951Z] [INFO] hmr update /app/app.css, /app/routes/_auth.tsx
[2026-03-03T22:24:30.951Z] [INFO] page reload app/routes/_auth.tsx
[2026-03-03T22:24:47.144Z] [INFO] hmr update /app/routes/_auth.tsx
[2026-03-03T22:24:47.145Z] [INFO] hmr update /app/routes/_auth.tsx
[2026-03-03T22:24:47.145Z] [INFO] hmr update /app/app.css, /app/routes/_auth.tsx
[2026-03-03T22:24:47.145Z] [INFO] page reload app/routes/_auth.tsx
[2026-03-03T22:25:19.878Z] [INFO] hmr update /app/routes/_auth.tsx
[2026-03-03T22:25:19.879Z] [INFO] hmr update /app/routes/_auth.tsx
[2026-03-03T22:25:19.879Z] [INFO] hmr update /app/app.css, /app/routes/_auth.tsx
[2026-03-03T22:25:19.879Z] [INFO] page reload app/routes/_auth.tsx
[2026-03-03T22:25:19.920Z] [INFO] hmr invalidate /app/routes/_auth.tsx Could not Fast Refresh (new export)
[2026-03-03T22:25:19.920Z] [INFO] page reload app/routes/_auth.tsx
[2026-03-03T22:25:44.504Z] [INFO] hmr update /app/routes/_auth.projects.tsx
[2026-03-03T22:25:44.504Z] [INFO] hmr update /app/routes/_auth.projects.tsx
[2026-03-03T22:25:44.505Z] [INFO] hmr update /app/app.css, /app/routes/_auth.projects.tsx
[2026-03-03T22:25:44.505Z] [INFO] page reload app/routes/_auth.projects.tsx
[2026-03-03T22:26:30.132Z] [INFO] hmr update /app/routes/_auth.projects.tsx
[2026-03-03T22:26:30.133Z] [INFO] hmr update /app/routes/_auth.projects.tsx
[2026-03-03T22:26:30.133Z] [INFO] hmr update /app/app.css, /app/routes/_auth.projects.tsx
[2026-03-03T22:26:30.133Z] [INFO] page reload app/routes/_auth.projects.tsx
[2026-03-03T22:27:18.036Z] [INFO] hmr update /app/routes/_auth.projects.tsx
[2026-03-03T22:27:18.037Z] [INFO] hmr update /app/routes/_auth.projects.tsx
[2026-03-03T22:27:18.037Z] [INFO] hmr update /app/app.css, /app/routes/_auth.projects.tsx
[2026-03-03T22:27:18.037Z] [INFO] page reload app/routes/_auth.projects.tsx
[2026-03-03T22:28:00.545Z] [INFO] hmr update /app/routes/_auth.tsx
[2026-03-03T22:28:00.545Z] [INFO] hmr update /app/routes/_auth.tsx
[2026-03-03T22:28:00.545Z] [INFO] hmr update /app/app.css, /app/routes/_auth.tsx
[2026-03-03T22:28:00.546Z] [INFO] page reload app/routes/_auth.tsx
[2026-03-03T22:31:10.772Z] [INFO] hmr update /app/routes/_auth.projects.tsx
[2026-03-03T22:31:10.772Z] [INFO] hmr update /app/routes/_auth.projects.tsx
[2026-03-03T22:31:10.772Z] [INFO] hmr update /app/app.css, /app/routes/_auth.projects.tsx
[2026-03-03T22:31:10.773Z] [INFO] page reload app/routes/_auth.projects.tsx
[2026-03-03T22:36:52.289Z] [INFO] hmr update /app/routes/_auth.projects.tsx
[2026-03-03T22:36:52.290Z] [INFO] hmr update /app/routes/_auth.projects.tsx
[2026-03-03T22:36:52.290Z] [INFO] hmr update /app/app.css, /app/routes/_auth.projects.tsx
[2026-03-03T22:36:52.290Z] [INFO] page reload app/routes/_auth.projects.tsx
[2026-03-03T22:40:59.561Z] [INFO] hmr update /app/routes/_auth.tsx
[2026-03-03T22:40:59.561Z] [INFO] hmr update /app/routes/_auth.tsx
[2026-03-03T22:40:59.561Z] [INFO] hmr update /app/app.css, /app/routes/_auth.tsx
[2026-03-03T22:40:59.561Z] [INFO] page reload app/routes/_auth.tsx
[2026-03-03T22:40:59.630Z] [INFO] hmr invalidate /app/routes/_auth.tsx Could not Fast Refresh (export removed)
[2026-03-03T22:40:59.630Z] [INFO] hmr update /app/routes/_auth.projects.tsx
[2026-03-03T22:41:25.281Z] [INFO] hmr update /app/routes/_auth.projects.tsx
[2026-03-03T22:41:25.281Z] [INFO] hmr update /app/routes/_auth.projects.tsx
[2026-03-03T22:41:25.282Z] [INFO] hmr update /app/app.css, /app/routes/_auth.projects.tsx
[2026-03-03T22:41:25.282Z] [INFO] page reload app/routes/_auth.projects.tsx
[2026-03-03T22:42:07.541Z] [INFO] hmr update /app/routes/_auth.projects.tsx
[2026-03-03T22:42:07.542Z] [INFO] hmr update /app/routes/_auth.projects.tsx
[2026-03-03T22:42:07.542Z] [INFO] hmr update /app/app.css, /app/routes/_auth.projects.tsx
[2026-03-03T22:42:07.542Z] [INFO] page reload app/routes/_auth.projects.tsx
[2026-03-03T22:43:32.700Z] [INFO] hmr update /app/routes/_auth.tsx
[2026-03-03T22:43:32.700Z] [INFO] hmr update /app/routes/_auth.tsx
[2026-03-03T22:43:32.701Z] [INFO] hmr update /app/app.css, /app/routes/_auth.tsx
[2026-03-03T22:43:32.701Z] [INFO] page reload app/routes/_auth.tsx
[2026-03-03T22:43:32.770Z] [INFO] hmr update /app/routes/_auth.projects.tsx
[2026-03-03T22:43:32.770Z] [INFO] hmr update /app/routes/_auth.projects.tsx
[2026-03-03T22:43:32.770Z] [INFO] hmr update /app/app.css, /app/routes/_auth.projects.tsx
[2026-03-03T22:43:32.770Z] [INFO] page reload app/routes/_auth.projects.tsx
[2026-03-03T22:44:09.559Z] [INFO] hmr update /app/routes/_auth.projects.tsx
[2026-03-03T22:44:09.559Z] [INFO] hmr update /app/routes/_auth.projects.tsx
[2026-03-03T22:44:09.560Z] [INFO] hmr update /app/app.css, /app/routes/_auth.projects.tsx
[2026-03-03T22:44:09.560Z] [INFO] page reload app/routes/_auth.projects.tsx
[2026-03-03T22:45:09.894Z] [INFO] hmr update /app/routes/_auth.tsx
[2026-03-03T22:45:09.895Z] [INFO] hmr update /app/routes/_auth.tsx
[2026-03-03T22:45:09.895Z] [INFO] hmr update /app/app.css, /app/routes/_auth.tsx
[2026-03-03T22:45:09.896Z] [INFO] page reload app/routes/_auth.tsx
